2019-02-12 05:11:13 +0000  Initial pipeline context: <IDEDistributionProcessingPipelineContext: 0x7fa0a0eb75f0; archive(resolved)='<IDEArchive: 0x7fa09be96f30>', distributionTask(resolved)='2', distributionDestination(resolved)='1', distributionMethod(resolved)='<IDEDistributionMethodDevelopmentSigned: 0x7fa0a21261f0>', team(resolved)='<IDEProvisioningDisambiguatableBasicTeam: 0x7fa0a122daa0; teamID='SKVN5N2LJE', teamName='Satbir Singh', teamType='Individual', username='s.satbir90@gmail.com', isFreeProvisioningTeam='0'>'>
	Chain (12, self inclusive):
	<IDEDistributionProcessingPipelineContext: 0x7fa0a0eb75f0; archive = '<IDEArchive: 0x7fa09be96f30>', distributionMethod='<IDEDistributionMethodDevelopmentSigned: 0x7fa0a21261f0>', team='<IDEProvisioningDisambiguatableBasicTeam: 0x7fa0a122daa0; teamID='SKVN5N2LJE', teamName='Satbir Singh', teamType='Individual', username='s.satbir90@gmail.com', isFreeProvisioningTeam='0'>'>
	<IDEDistributionProcessingPipelineContext: 0x7fa0a0eab680; archive = '<IDEArchive: 0x7fa09be96f30>', distributionMethod='<IDEDistributionMethodDevelopmentSigned: 0x7fa0a21261f0>', team='<IDEProvisioningDisambiguatableBasicTeam: 0x7fa0a122daa0; teamID='SKVN5N2LJE', teamName='Satbir Singh', teamType='Individual', username='s.satbir90@gmail.com', isFreeProvisioningTeam='0'>'>
	<IDEDistributionContext: 0x7fa0a08fbc70; archive = '<IDEArchive: 0x7fa09be96f30>', distributionMethod='<IDEDistributionMethodDevelopmentSigned: 0x7fa0a21261f0>', team='<IDEProvisioningDisambiguatableBasicTeam: 0x7fa0a122daa0; teamID='SKVN5N2LJE', teamName='Satbir Singh', teamType='Individual', username='s.satbir90@gmail.com', isFreeProvisioningTeam='0'>'>
	<IDEDistributionContext: 0x7fa0a20a9750; archive = '<IDEArchive: 0x7fa09be96f30>', distributionMethod='<IDEDistributionMethodDevelopmentSigned: 0x7fa0a21261f0>', team='<IDEProvisioningDisambiguatableBasicTeam: 0x7fa0a122daa0; teamID='SKVN5N2LJE', teamName='Satbir Singh', teamType='Individual', username='s.satbir90@gmail.com', isFreeProvisioningTeam='0'>'>
	<IDEDistributionContext: 0x7fa09e86e160; archive = '<IDEArchive: 0x7fa09be96f30>', distributionMethod='<IDEDistributionMethodDevelopmentSigned: 0x7fa0a21261f0>', team='<IDEProvisioningDisambiguatableBasicTeam: 0x7fa0a122daa0; teamID='SKVN5N2LJE', teamName='Satbir Singh', teamType='Individual', username='s.satbir90@gmail.com', isFreeProvisioningTeam='0'>'>
	<IDEDistributionContext: 0x7fa0a25ae6c0; archive = '<IDEArchive: 0x7fa09be96f30>', distributionMethod='<IDEDistributionMethodDevelopmentSigned: 0x7fa0a21261f0>', team='<IDEProvisioningDisambiguatableBasicTeam: 0x7fa0a122daa0; teamID='SKVN5N2LJE', teamName='Satbir Singh', teamType='Individual', username='s.satbir90@gmail.com', isFreeProvisioningTeam='0'>'>
	<IDEDistributionContext: 0x7fa0a272ba00; archive = '<IDEArchive: 0x7fa09be96f30>', distributionMethod='<IDEDistributionMethodDevelopmentSigned: 0x7fa0a21261f0>', team='<IDEProvisioningDisambiguatableBasicTeam: 0x7fa0a122daa0; teamID='SKVN5N2LJE', teamName='Satbir Singh', teamType='Individual', username='s.satbir90@gmail.com', isFreeProvisioningTeam='0'>'>
	<IDEDistributionContext: 0x7fa0a2572980; archive = '<IDEArchive: 0x7fa09be96f30>', distributionMethod='<IDEDistributionMethodDevelopmentSigned: 0x7fa0a21261f0>', team='<IDEProvisioningDisambiguatableBasicTeam: 0x7fa0a122daa0; teamID='SKVN5N2LJE', teamName='Satbir Singh', teamType='Individual', username='s.satbir90@gmail.com', isFreeProvisioningTeam='0'>'>
	<IDEDistributionContext: 0x7fa0a2602bf0; archive = '<IDEArchive: 0x7fa09be96f30>', distributionMethod='<IDEDistributionMethodDevelopmentSigned: 0x7fa0a21261f0>', team='<IDEProvisioningDisambiguatableBasicTeam: 0x7fa0a122daa0; teamID='SKVN5N2LJE', teamName='Satbir Singh', teamType='Individual', username='s.satbir90@gmail.com', isFreeProvisioningTeam='0'>'>
	<IDEDistributionContext: 0x7fa0a2300930; archive = '<IDEArchive: 0x7fa09be96f30>', distributionMethod='<IDEDistributionMethodDevelopmentSigned: 0x7fa0a21261f0>', team='(null)'>
	<IDEDistributionContext: 0x7fa0a20ab130; archive = '<IDEArchive: 0x7fa09be96f30>', distributionMethod='<IDEDistributionMethodDevelopmentSigned: 0x7fa0a21261f0>', team='(null)'>
	<IDEDistributionContext: 0x7fa09f7e4af0; archive = '<IDEArchive: 0x7fa09be96f30>', distributionMethod='(null)', team='(null)'>
</IDEDistributionProcessingPipelineContext: 0x7fa0a0eb75f0>
2019-02-12 05:11:13 +0000  Processing step: IDEDistributionCreateDestRootStep
2019-02-12 05:11:13 +0000  Processing step: IDEDistributionCopyItemStep
2019-02-12 05:11:13 +0000  Running /usr/bin/ditto '-V' '/Users/satbirsingh/Library/Developer/Xcode/Archives/2019-01-28/Runner 28-01-19, 2.34 PM.xcarchive/Products/Applications/Runner.app' '/var/folders/tp/5chpy8h54gn0rc1rnb3zwp3r0000gn/T/XcodeDistPipeline.bty/Root/Payload/Runner.app'
2019-02-12 05:11:13 +0000  >>> Copying /Users/satbirsingh/Library/Developer/Xcode/Archives/2019-01-28/Runner 28-01-19, 2.34 PM.xcarchive/Products/Applications/Runner.app 
2019-02-12 05:11:13 +0000  copying file ./_CodeSignature/CodeResources ... 
2019-02-12 05:11:13 +0000  18483 bytes for ./_CodeSignature/CodeResources
2019-02-12 05:11:13 +0000  copying file ./AppIcon20x20@2x.png ... 
2019-02-12 05:11:13 +0000  1616 bytes for ./AppIcon20x20@2x.png
copying file ./AppIcon20x20@3x.png ... 
2624 bytes for ./AppIcon20x20@3x.png
2019-02-12 05:11:13 +0000  copying file ./AppIcon29x29.png ... 
2019-02-12 05:11:13 +0000  1132 bytes for ./AppIcon29x29.png
copying file ./AppIcon60x60@2x.png ... 
2019-02-12 05:11:13 +0000  7128 bytes for ./AppIcon60x60@2x.png
2019-02-12 05:11:13 +0000  copying file ./Runner ... 
2019-02-12 05:11:13 +0000  3674272 bytes for ./Runner
2019-02-12 05:11:13 +0000  copying file ./AppIcon29x29@2x.png ... 
2548 bytes for ./AppIcon29x29@2x.png
copying file ./AppIcon40x40@3x.png ... 
2019-02-12 05:11:13 +0000  7128 bytes for ./AppIcon40x40@3x.png
2019-02-12 05:11:13 +0000  copying file ./Debug.xcconfig ... 
106 bytes for ./Debug.xcconfig
copying file ./AppIcon29x29~ipad.png ... 
1132 bytes for ./AppIcon29x29~ipad.png
copying file ./AppIcon40x40@2x.png ... 
2019-02-12 05:11:13 +0000  4047 bytes for ./AppIcon40x40@2x.png
copying file ./AppIcon29x29@3x.png ... 
2019-02-12 05:11:13 +0000  4564 bytes for ./AppIcon29x29@3x.png
copying file ./GoogleService-Info.plist ... 
2019-02-12 05:11:13 +0000  872 bytes for ./GoogleService-Info.plist
2019-02-12 05:11:13 +0000  copying file ./AppIcon60x60@3x.png ... 
12775 bytes for ./AppIcon60x60@3x.png
copying file ./Base.lproj/Main.storyboardc/UIViewController-BYZ-38-t0r.nib ... 
2019-02-12 05:11:13 +0000  923 bytes for ./Base.lproj/Main.storyboardc/UIViewController-BYZ-38-t0r.nib
2019-02-12 05:11:13 +0000  copying file ./Base.lproj/Main.storyboardc/BYZ-38-t0r-view-8bC-Xf-vdC.nib ... 
1793 bytes for ./Base.lproj/Main.storyboardc/BYZ-38-t0r-view-8bC-Xf-vdC.nib
copying file ./Base.lproj/Main.storyboardc/Info.plist ... 
2019-02-12 05:11:13 +0000  258 bytes for ./Base.lproj/Main.storyboardc/Info.plist
2019-02-12 05:11:13 +0000  copying file ./Base.lproj/LaunchScreen.storyboardc/01J-lp-oVM-view-Ze5-6b-2t3.nib ... 
2019-02-12 05:11:13 +0000  2153 bytes for ./Base.lproj/LaunchScreen.storyboardc/01J-lp-oVM-view-Ze5-6b-2t3.nib
2019-02-12 05:11:13 +0000  copying file ./Base.lproj/LaunchScreen.storyboardc/UIViewController-01J-lp-oVM.nib ... 
2019-02-12 05:11:13 +0000  832 bytes for ./Base.lproj/LaunchScreen.storyboardc/UIViewController-01J-lp-oVM.nib
copying file ./Base.lproj/LaunchScreen.storyboardc/Info.plist ... 
2019-02-12 05:11:13 +0000  258 bytes for ./Base.lproj/LaunchScreen.storyboardc/Info.plist
copying file ./flutter_assets/LICENSE ... 
2019-02-12 05:11:13 +0000  650054 bytes for ./flutter_assets/LICENSE
2019-02-12 05:11:13 +0000  copying file ./flutter_assets/AssetManifest.json ... 
2019-02-12 05:11:13 +0000  759 bytes for ./flutter_assets/AssetManifest.json
2019-02-12 05:11:13 +0000  copying file ./flutter_assets/FontManifest.json ... 
670 bytes for ./flutter_assets/FontManifest.json
2019-02-12 05:11:13 +0000  copying file ./flutter_assets/packages/cupertino_icons/assets/CupertinoIcons.ttf ... 
2019-02-12 05:11:13 +0000  97680 bytes for ./flutter_assets/packages/cupertino_icons/assets/CupertinoIcons.ttf
2019-02-12 05:11:13 +0000  copying file ./flutter_assets/packages/font_awesome_flutter/lib/fonts/fa-solid-900.ttf ... 
2019-02-12 05:11:13 +0000  196952 bytes for ./flutter_assets/packages/font_awesome_flutter/lib/fonts/fa-solid-900.ttf
copying file ./flutter_assets/packages/font_awesome_flutter/lib/fonts/fa-regular-400.ttf ... 
2019-02-12 05:11:13 +0000  40232 bytes for ./flutter_assets/packages/font_awesome_flutter/lib/fonts/fa-regular-400.ttf
2019-02-12 05:11:13 +0000  copying file ./flutter_assets/packages/font_awesome_flutter/lib/fonts/fa-brands-400.ttf ... 
126192 bytes for ./flutter_assets/packages/font_awesome_flutter/lib/fonts/fa-brands-400.ttf
2019-02-12 05:11:13 +0000  copying file ./flutter_assets/fonts/MaterialIcons-Regular.ttf ... 
2019-02-12 05:11:13 +0000  134640 bytes for ./flutter_assets/fonts/MaterialIcons-Regular.ttf
2019-02-12 05:11:13 +0000  copying file ./flutter_assets/assets/zentalk.jpg ... 
2019-02-12 05:11:13 +0000  74392 bytes for ./flutter_assets/assets/zentalk.jpg
2019-02-12 05:11:13 +0000  copying file ./flutter_assets/assets/loading.gif ... 
2019-02-12 05:11:13 +0000  69458 bytes for ./flutter_assets/assets/loading.gif
2019-02-12 05:11:13 +0000  copying file ./flutter_assets/assets/logo.jpg ... 
2019-02-12 05:11:13 +0000  80442 bytes for ./flutter_assets/assets/logo.jpg
2019-02-12 05:11:13 +0000  copying file ./flutter_assets/assets/logo.png ... 
2019-02-12 05:11:13 +0000  12639 bytes for ./flutter_assets/assets/logo.png
2019-02-12 05:11:13 +0000  copying file ./flutter_assets/assets/bb_8.png ... 
2019-02-12 05:11:13 +0000  39847 bytes for ./flutter_assets/assets/bb_8.png
2019-02-12 05:11:13 +0000  copying file ./flutter_assets/assets/Jedi.png ... 
2019-02-12 05:11:13 +0000  7184 bytes for ./flutter_assets/assets/Jedi.png
2019-02-12 05:11:13 +0000  copying file ./flutter_assets/assets/alucard.jpg ... 
2019-02-12 05:11:13 +0000  18625 bytes for ./flutter_assets/assets/alucard.jpg
2019-02-12 05:11:13 +0000  copying file ./Assets.car ... 
2019-02-12 05:11:13 +0000  458552 bytes for ./Assets.car
2019-02-12 05:11:13 +0000  copying file ./AppFrameworkInfo.plist ... 
2019-02-12 05:11:13 +0000  376 bytes for ./AppFrameworkInfo.plist
2019-02-12 05:11:13 +0000  copying file ./AppIcon40x40@2x~ipad.png ... 
2019-02-12 05:11:13 +0000  4047 bytes for ./AppIcon40x40@2x~ipad.png
2019-02-12 05:11:13 +0000  copying file ./AppIcon76x76@2x~ipad.png ... 
9734 bytes for ./AppIcon76x76@2x~ipad.png
copying file ./AppIcon83.5x83.5@2x~ipad.png ... 
11461 bytes for ./AppIcon83.5x83.5@2x~ipad.png
copying file ./AppIcon29x29@2x~ipad.png ... 
2019-02-12 05:11:13 +0000  2548 bytes for ./AppIcon29x29@2x~ipad.png
2019-02-12 05:11:13 +0000  copying file ./AppIcon40x40~ipad.png ... 
2019-02-12 05:11:13 +0000  1616 bytes for ./AppIcon40x40~ipad.png
2019-02-12 05:11:13 +0000  copying file ./Frameworks/Flutter.framework/_CodeSignature/CodeResources ... 
2019-02-12 05:11:13 +0000  2084 bytes for ./Frameworks/Flutter.framework/_CodeSignature/CodeResources
copying file ./Frameworks/Flutter.framework/icudtl.dat ... 
2019-02-12 05:11:13 +0000  883280 bytes for ./Frameworks/Flutter.framework/icudtl.dat
2019-02-12 05:11:13 +0000  copying file ./Frameworks/Flutter.framework/Flutter ... 
2019-02-12 05:11:13 +0000  12998064 bytes for ./Frameworks/Flutter.framework/Flutter
2019-02-12 05:11:13 +0000  copying file ./Frameworks/Flutter.framework/Info.plist ... 
777 bytes for ./Frameworks/Flutter.framework/Info.plist
copying file ./Frameworks/App.framework/_CodeSignature/CodeResources ... 
1798 bytes for ./Frameworks/App.framework/_CodeSignature/CodeResources
copying file ./Frameworks/App.framework/App ... 
2019-02-12 05:11:13 +0000  18955504 bytes for ./Frameworks/App.framework/App
2019-02-12 05:11:13 +0000  copying file ./Frameworks/App.framework/Info.plist ... 
773 bytes for ./Frameworks/App.framework/Info.plist
copying file ./AppIcon20x20~ipad.png ... 
2019-02-12 05:11:13 +0000  726 bytes for ./AppIcon20x20~ipad.png
copying file ./embedded.mobileprovision ... 
2019-02-12 05:11:13 +0000  7659 bytes for ./embedded.mobileprovision
2019-02-12 05:11:13 +0000  copying file ./AppIcon20x20@2x~ipad.png ... 
2019-02-12 05:11:13 +0000  1616 bytes for ./AppIcon20x20@2x~ipad.png
2019-02-12 05:11:13 +0000  copying file ./Info.plist ... 
2019-02-12 05:11:13 +0000  1590 bytes for ./Info.plist
2019-02-12 05:11:13 +0000  /usr/bin/ditto exited with 0
2019-02-12 05:11:13 +0000  Processing step: IDEDistributionEmbedProfileStep
2019-02-12 05:11:13 +0000  Skipping profile for item: <IDEDistributionItem: 0x7fa0a14503b0 'io.flutter.flutter.app' '<DVTFilePath:0x7fa09f7b8f40:'/Users/satbirsingh/Library/Developer/Xcode/Archives/2019-01-28/Runner 28-01-19, 2.34 PM.xcarchive/Products/Applications/Runner.app/Frameworks/App.framework'>'>
2019-02-12 05:11:13 +0000  Skipping profile for item: <IDEDistributionItem: 0x7fa0a2015c30 'io.flutter.flutter' '<DVTFilePath:0x7fa0a0136990:'/Users/satbirsingh/Library/Developer/Xcode/Archives/2019-01-28/Runner 28-01-19, 2.34 PM.xcarchive/Products/Applications/Runner.app/Frameworks/Flutter.framework'>'>
2019-02-12 05:11:13 +0000  Processing step: IDEDistributionAppThinningPlistStep
2019-02-12 05:11:13 +0000  Skipping step: IDEDistributionAppThinningPlistStep because it said so
2019-02-12 05:11:13 +0000  Processing step: IDEDistributionCompileBitcodeStep
2019-02-12 05:11:13 +0000  Skipping step: IDEDistributionCompileBitcodeStep because it said so
2019-02-12 05:11:13 +0000  Processing step: IDEDistributionCodeSlimmingStep
2019-02-12 05:11:13 +0000  Processing step: IDEDistributionCopyBCSymbolMapsStep
2019-02-12 05:11:13 +0000  Skipping step: IDEDistributionCopyBCSymbolMapsStep because it said so
2019-02-12 05:11:13 +0000  Skipping step: IDEDistributionCopyBCSymbolMapsStep because it said so
2019-02-12 05:11:13 +0000  Skipping step: IDEDistributionCopyBCSymbolMapsStep because it said so
2019-02-12 05:11:13 +0000  Processing step: IDEDistributionSymbolsStep
2019-02-12 05:11:13 +0000  Skipping step: IDEDistributionSymbolsStep because it said so
2019-02-12 05:11:13 +0000  Skipping step: IDEDistributionSymbolsStep because it said so
2019-02-12 05:11:13 +0000  Skipping step: IDEDistributionSymbolsStep because it said so
2019-02-12 05:11:13 +0000  Processing step: IDEDistributionAppThinningStep
2019-02-12 05:11:13 +0000  Skipping step: IDEDistributionAppThinningStep because it said so
2019-02-12 05:11:13 +0000  Processing step: IDEDistributionArchThinningStep
2019-02-12 05:11:13 +0000  Running /Applications/Xcode.app/Contents/Developer/Toolchains/XcodeDefault.xctoolchain/usr/bin/lipo '/var/folders/tp/5chpy8h54gn0rc1rnb3zwp3r0000gn/T/XcodeDistPipeline.bty/Root/Payload/Runner.app/Frameworks/App.framework/App' '-verify_arch' 'arm64e'
2019-02-12 05:11:13 +0000  /Applications/Xcode.app/Contents/Developer/Toolchains/XcodeDefault.xctoolchain/usr/bin/lipo exited with 1
2019-02-12 05:11:13 +0000  Skipping architecture thinning for item "App" because arch "arm64e" wasn't found
2019-02-12 05:11:13 +0000  Running /Applications/Xcode.app/Contents/Developer/Toolchains/XcodeDefault.xctoolchain/usr/bin/lipo '/var/folders/tp/5chpy8h54gn0rc1rnb3zwp3r0000gn/T/XcodeDistPipeline.bty/Root/Payload/Runner.app/Frameworks/Flutter.framework/Flutter' '-verify_arch' 'arm64e'
2019-02-12 05:11:13 +0000  /Applications/Xcode.app/Contents/Developer/Toolchains/XcodeDefault.xctoolchain/usr/bin/lipo exited with 1
2019-02-12 05:11:13 +0000  Skipping architecture thinning for item "Flutter" because arch "arm64e" wasn't found
2019-02-12 05:11:13 +0000  Running /Applications/Xcode.app/Contents/Developer/Toolchains/XcodeDefault.xctoolchain/usr/bin/lipo '/var/folders/tp/5chpy8h54gn0rc1rnb3zwp3r0000gn/T/XcodeDistPipeline.bty/Root/Payload/Runner.app/Runner' '-verify_arch' 'arm64e'
2019-02-12 05:11:13 +0000  /Applications/Xcode.app/Contents/Developer/Toolchains/XcodeDefault.xctoolchain/usr/bin/lipo exited with 1
2019-02-12 05:11:13 +0000  Skipping architecture thinning for item "Runner" because arch "arm64e" wasn't found
2019-02-12 05:11:13 +0000  Processing step: IDEDistributionODRStep
2019-02-12 05:11:13 +0000  Processing step: IDEDistributionStripXattrsStep
2019-02-12 05:11:13 +0000  Skipping stripping extended attributes of item: <IDEDistributionItem: 0x7fa0a14503b0 'io.flutter.flutter.app' '<DVTFilePath:0x7fa09f7b8f40:'/Users/satbirsingh/Library/Developer/Xcode/Archives/2019-01-28/Runner 28-01-19, 2.34 PM.xcarchive/Products/Applications/Runner.app/Frameworks/App.framework'>'>
2019-02-12 05:11:13 +0000  Skipping stripping extended attributes of item: <IDEDistributionItem: 0x7fa0a2015c30 'io.flutter.flutter' '<DVTFilePath:0x7fa0a0136990:'/Users/satbirsingh/Library/Developer/Xcode/Archives/2019-01-28/Runner 28-01-19, 2.34 PM.xcarchive/Products/Applications/Runner.app/Frameworks/Flutter.framework'>'>
2019-02-12 05:11:13 +0000  Running /usr/bin/xattr '-crs' '/var/folders/tp/5chpy8h54gn0rc1rnb3zwp3r0000gn/T/XcodeDistPipeline.bty/Root/Payload/Runner.app'
2019-02-12 05:11:13 +0000  /usr/bin/xattr exited with 0
2019-02-12 05:11:13 +0000  Processing step: IDEDistributionCodesignStep
2019-02-12 05:11:13 +0000  Entitlements for <IDEDistributionItem: 0x7fa0a14503b0 'io.flutter.flutter.app' '<DVTFilePath:0x7fa09f7b8f40:'/Users/satbirsingh/Library/Developer/Xcode/Archives/2019-01-28/Runner 28-01-19, 2.34 PM.xcarchive/Products/Applications/Runner.app/Frameworks/App.framework'>'>: {
}
2019-02-12 05:11:13 +0000  Writing entitlements for <IDEDistributionItem: 0x7fa0a14503b0 'io.flutter.flutter.app' '<DVTFilePath:0x7fa09f7b8f40:'/Users/satbirsingh/Library/Developer/Xcode/Archives/2019-01-28/Runner 28-01-19, 2.34 PM.xcarchive/Products/Applications/Runner.app/Frameworks/App.framework'>'> to: /var/folders/tp/5chpy8h54gn0rc1rnb3zwp3r0000gn/T/XcodeDistPipeline.bty/entitlementsHBcEVh
2019-02-12 05:11:13 +0000  Running /usr/bin/codesign '-vvv' '--force' '--sign' '657DC9480CA3EF5489DD2890D7F6D91B6E139869' '--entitlements' '/var/folders/tp/5chpy8h54gn0rc1rnb3zwp3r0000gn/T/XcodeDistPipeline.bty/entitlementsHBcEVh' '--preserve-metadata=identifier,flags,runtime' '/var/folders/tp/5chpy8h54gn0rc1rnb3zwp3r0000gn/T/XcodeDistPipeline.bty/Root/Payload/Runner.app/Frameworks/App.framework'
2019-02-12 05:11:13 +0000  /var/folders/tp/5chpy8h54gn0rc1rnb3zwp3r0000gn/T/XcodeDistPipeline.bty/Root/Payload/Runner.app/Frameworks/App.framework: replacing existing signature
2019-02-12 05:11:14 +0000  /var/folders/tp/5chpy8h54gn0rc1rnb3zwp3r0000gn/T/XcodeDistPipeline.bty/Root/Payload/Runner.app/Frameworks/App.framework: signed bundle with Mach-O universal (armv7 arm64) [io.flutter.flutter.app]
2019-02-12 05:11:14 +0000  /usr/bin/codesign exited with 0
2019-02-12 05:11:14 +0000  Entitlements for <IDEDistributionItem: 0x7fa0a2015c30 'io.flutter.flutter' '<DVTFilePath:0x7fa0a0136990:'/Users/satbirsingh/Library/Developer/Xcode/Archives/2019-01-28/Runner 28-01-19, 2.34 PM.xcarchive/Products/Applications/Runner.app/Frameworks/Flutter.framework'>'>: {
}
2019-02-12 05:11:14 +0000  Writing entitlements for <IDEDistributionItem: 0x7fa0a2015c30 'io.flutter.flutter' '<DVTFilePath:0x7fa0a0136990:'/Users/satbirsingh/Library/Developer/Xcode/Archives/2019-01-28/Runner 28-01-19, 2.34 PM.xcarchive/Products/Applications/Runner.app/Frameworks/Flutter.framework'>'> to: /var/folders/tp/5chpy8h54gn0rc1rnb3zwp3r0000gn/T/XcodeDistPipeline.bty/entitlementsqOS3LJ
2019-02-12 05:11:14 +0000  Running /usr/bin/codesign '-vvv' '--force' '--sign' '657DC9480CA3EF5489DD2890D7F6D91B6E139869' '--entitlements' '/var/folders/tp/5chpy8h54gn0rc1rnb3zwp3r0000gn/T/XcodeDistPipeline.bty/entitlementsqOS3LJ' '--preserve-metadata=identifier,flags,runtime' '/var/folders/tp/5chpy8h54gn0rc1rnb3zwp3r0000gn/T/XcodeDistPipeline.bty/Root/Payload/Runner.app/Frameworks/Flutter.framework'
2019-02-12 05:11:14 +0000  /var/folders/tp/5chpy8h54gn0rc1rnb3zwp3r0000gn/T/XcodeDistPipeline.bty/Root/Payload/Runner.app/Frameworks/Flutter.framework: replacing existing signature
2019-02-12 05:11:14 +0000  /var/folders/tp/5chpy8h54gn0rc1rnb3zwp3r0000gn/T/XcodeDistPipeline.bty/Root/Payload/Runner.app/Frameworks/Flutter.framework: signed bundle with Mach-O universal (armv7 arm64) [io.flutter.flutter]
2019-02-12 05:11:14 +0000  /usr/bin/codesign exited with 0
2019-02-12 05:11:14 +0000  Entitlements for <IDEDistributionItem: 0x7fa0a12382d0 'com.zeninno.zentalk' '<DVTFilePath:0x7fa0a06d8280:'/Users/satbirsingh/Library/Developer/Xcode/Archives/2019-01-28/Runner 28-01-19, 2.34 PM.xcarchive/Products/Applications/Runner.app'>'>: {
    "application-identifier" = "SKVN5N2LJE.com.zeninno.zentalk";
    "aps-environment" = development;
    "com.apple.developer.team-identifier" = SKVN5N2LJE;
    "get-task-allow" = 1;
}
2019-02-12 05:11:14 +0000  Writing entitlements for <IDEDistributionItem: 0x7fa0a12382d0 'com.zeninno.zentalk' '<DVTFilePath:0x7fa0a06d8280:'/Users/satbirsingh/Library/Developer/Xcode/Archives/2019-01-28/Runner 28-01-19, 2.34 PM.xcarchive/Products/Applications/Runner.app'>'> to: /var/folders/tp/5chpy8h54gn0rc1rnb3zwp3r0000gn/T/XcodeDistPipeline.bty/entitlementsB6ZYj1
2019-02-12 05:11:14 +0000  Running /usr/bin/codesign '-vvv' '--force' '--sign' '657DC9480CA3EF5489DD2890D7F6D91B6E139869' '--entitlements' '/var/folders/tp/5chpy8h54gn0rc1rnb3zwp3r0000gn/T/XcodeDistPipeline.bty/entitlementsB6ZYj1' '--preserve-metadata=identifier,flags,runtime' '/var/folders/tp/5chpy8h54gn0rc1rnb3zwp3r0000gn/T/XcodeDistPipeline.bty/Root/Payload/Runner.app'
2019-02-12 05:11:14 +0000  /var/folders/tp/5chpy8h54gn0rc1rnb3zwp3r0000gn/T/XcodeDistPipeline.bty/Root/Payload/Runner.app: replacing existing signature
2019-02-12 05:11:14 +0000  /var/folders/tp/5chpy8h54gn0rc1rnb3zwp3r0000gn/T/XcodeDistPipeline.bty/Root/Payload/Runner.app: signed app bundle with Mach-O universal (armv7 arm64) [com.zeninno.zentalk]
2019-02-12 05:11:14 +0000  /usr/bin/codesign exited with 0
2019-02-12 05:11:14 +0000  Processing step: IDEDistributionZipODRItemStep
2019-02-12 05:11:14 +0000  Skipping step: IDEDistributionZipODRItemStep because it said so
2019-02-12 05:11:14 +0000  Skipping step: IDEDistributionZipODRItemStep because it said so
2019-02-12 05:11:14 +0000  Skipping step: IDEDistributionZipODRItemStep because it said so
2019-02-12 05:11:14 +0000  Processing step: IDEDistributionCreateIPAStep
2019-02-12 05:11:14 +0000  Running /usr/bin/ditto '-V' '-c' '-k' '--norsrc' '/var/folders/tp/5chpy8h54gn0rc1rnb3zwp3r0000gn/T/XcodeDistPipeline.bty/Root' '/var/folders/tp/5chpy8h54gn0rc1rnb3zwp3r0000gn/T/XcodeDistPipeline.bty/Packages/Runner.ipa'
2019-02-12 05:11:14 +0000  >>> Copying /var/folders/tp/5chpy8h54gn0rc1rnb3zwp3r0000gn/T/XcodeDistPipeline.bty/Root 
2019-02-12 05:11:14 +0000  copying file ./Payload/Runner.app/_CodeSignature/CodeResources ... 
2019-02-12 05:11:14 +0000  18483 bytes for ./Payload/Runner.app/_CodeSignature/CodeResources
copying file ./Payload/Runner.app/AppIcon20x20@2x.png ... 
1616 bytes for ./Payload/Runner.app/AppIcon20x20@2x.png
copying file ./Payload/Runner.app/AppIcon20x20@3x.png ... 
2019-02-12 05:11:14 +0000  2624 bytes for ./Payload/Runner.app/AppIcon20x20@3x.png
copying file ./Payload/Runner.app/AppIcon29x29.png ... 
2019-02-12 05:11:14 +0000  1132 bytes for ./Payload/Runner.app/AppIcon29x29.png
2019-02-12 05:11:14 +0000  copying file ./Payload/Runner.app/AppIcon60x60@2x.png ... 
2019-02-12 05:11:14 +0000  7128 bytes for ./Payload/Runner.app/AppIcon60x60@2x.png
2019-02-12 05:11:14 +0000  copying file ./Payload/Runner.app/Runner ... 
2019-02-12 05:11:15 +0000  3674272 bytes for ./Payload/Runner.app/Runner
copying file ./Payload/Runner.app/AppIcon29x29@2x.png ... 
2019-02-12 05:11:15 +0000  2548 bytes for ./Payload/Runner.app/AppIcon29x29@2x.png
copying file ./Payload/Runner.app/AppIcon40x40@3x.png ... 
7128 bytes for ./Payload/Runner.app/AppIcon40x40@3x.png
copying file ./Payload/Runner.app/Debug.xcconfig ... 
2019-02-12 05:11:15 +0000  106 bytes for ./Payload/Runner.app/Debug.xcconfig
copying file ./Payload/Runner.app/AppIcon29x29~ipad.png ... 
2019-02-12 05:11:15 +0000  1132 bytes for ./Payload/Runner.app/AppIcon29x29~ipad.png
copying file ./Payload/Runner.app/AppIcon40x40@2x.png ... 
2019-02-12 05:11:15 +0000  4047 bytes for ./Payload/Runner.app/AppIcon40x40@2x.png
2019-02-12 05:11:15 +0000  copying file ./Payload/Runner.app/AppIcon29x29@3x.png ... 
2019-02-12 05:11:15 +0000  4564 bytes for ./Payload/Runner.app/AppIcon29x29@3x.png
2019-02-12 05:11:15 +0000  copying file ./Payload/Runner.app/GoogleService-Info.plist ... 
2019-02-12 05:11:15 +0000  872 bytes for ./Payload/Runner.app/GoogleService-Info.plist
copying file ./Payload/Runner.app/AppIcon60x60@3x.png ... 
2019-02-12 05:11:15 +0000  12775 bytes for ./Payload/Runner.app/AppIcon60x60@3x.png
2019-02-12 05:11:15 +0000  copying file ./Payload/Runner.app/Base.lproj/Main.storyboardc/UIViewController-BYZ-38-t0r.nib ... 
2019-02-12 05:11:15 +0000  923 bytes for ./Payload/Runner.app/Base.lproj/Main.storyboardc/UIViewController-BYZ-38-t0r.nib
2019-02-12 05:11:15 +0000  copying file ./Payload/Runner.app/Base.lproj/Main.storyboardc/BYZ-38-t0r-view-8bC-Xf-vdC.nib ... 
2019-02-12 05:11:15 +0000  1793 bytes for ./Payload/Runner.app/Base.lproj/Main.storyboardc/BYZ-38-t0r-view-8bC-Xf-vdC.nib
2019-02-12 05:11:15 +0000  copying file ./Payload/Runner.app/Base.lproj/Main.storyboardc/Info.plist ... 
2019-02-12 05:11:15 +0000  258 bytes for ./Payload/Runner.app/Base.lproj/Main.storyboardc/Info.plist
2019-02-12 05:11:15 +0000  copying file ./Payload/Runner.app/Base.lproj/LaunchScreen.storyboardc/01J-lp-oVM-view-Ze5-6b-2t3.nib ... 
2019-02-12 05:11:15 +0000  2153 bytes for ./Payload/Runner.app/Base.lproj/LaunchScreen.storyboardc/01J-lp-oVM-view-Ze5-6b-2t3.nib
2019-02-12 05:11:15 +0000  copying file ./Payload/Runner.app/Base.lproj/LaunchScreen.storyboardc/UIViewController-01J-lp-oVM.nib ... 
832 bytes for ./Payload/Runner.app/Base.lproj/LaunchScreen.storyboardc/UIViewController-01J-lp-oVM.nib
2019-02-12 05:11:15 +0000  copying file ./Payload/Runner.app/Base.lproj/LaunchScreen.storyboardc/Info.plist ... 
258 bytes for ./Payload/Runner.app/Base.lproj/LaunchScreen.storyboardc/Info.plist
2019-02-12 05:11:15 +0000  copying file ./Payload/Runner.app/flutter_assets/LICENSE ... 
2019-02-12 05:11:15 +0000  650054 bytes for ./Payload/Runner.app/flutter_assets/LICENSE
2019-02-12 05:11:15 +0000  copying file ./Payload/Runner.app/flutter_assets/AssetManifest.json ... 
759 bytes for ./Payload/Runner.app/flutter_assets/AssetManifest.json
copying file ./Payload/Runner.app/flutter_assets/FontManifest.json ... 
670 bytes for ./Payload/Runner.app/flutter_assets/FontManifest.json
copying file ./Payload/Runner.app/flutter_assets/packages/cupertino_icons/assets/CupertinoIcons.ttf ... 
2019-02-12 05:11:15 +0000  97680 bytes for ./Payload/Runner.app/flutter_assets/packages/cupertino_icons/assets/CupertinoIcons.ttf
2019-02-12 05:11:15 +0000  copying file ./Payload/Runner.app/flutter_assets/packages/font_awesome_flutter/lib/fonts/fa-solid-900.ttf ... 
2019-02-12 05:11:15 +0000  196952 bytes for ./Payload/Runner.app/flutter_assets/packages/font_awesome_flutter/lib/fonts/fa-solid-900.ttf
2019-02-12 05:11:15 +0000  copying file ./Payload/Runner.app/flutter_assets/packages/font_awesome_flutter/lib/fonts/fa-regular-400.ttf ... 
2019-02-12 05:11:15 +0000  40232 bytes for ./Payload/Runner.app/flutter_assets/packages/font_awesome_flutter/lib/fonts/fa-regular-400.ttf
copying file ./Payload/Runner.app/flutter_assets/packages/font_awesome_flutter/lib/fonts/fa-brands-400.ttf ... 
2019-02-12 05:11:15 +0000  126192 bytes for ./Payload/Runner.app/flutter_assets/packages/font_awesome_flutter/lib/fonts/fa-brands-400.ttf
copying file ./Payload/Runner.app/flutter_assets/fonts/MaterialIcons-Regular.ttf ... 
2019-02-12 05:11:15 +0000  134640 bytes for ./Payload/Runner.app/flutter_assets/fonts/MaterialIcons-Regular.ttf
copying file ./Payload/Runner.app/flutter_assets/assets/zentalk.jpg ... 
2019-02-12 05:11:15 +0000  74392 bytes for ./Payload/Runner.app/flutter_assets/assets/zentalk.jpg
copying file ./Payload/Runner.app/flutter_assets/assets/loading.gif ... 
2019-02-12 05:11:15 +0000  69458 bytes for ./Payload/Runner.app/flutter_assets/assets/loading.gif
copying file ./Payload/Runner.app/flutter_assets/assets/logo.jpg ... 
2019-02-12 05:11:15 +0000  80442 bytes for ./Payload/Runner.app/flutter_assets/assets/logo.jpg
2019-02-12 05:11:15 +0000  copying file ./Payload/Runner.app/flutter_assets/assets/logo.png ... 
12639 bytes for ./Payload/Runner.app/flutter_assets/assets/logo.png
copying file ./Payload/Runner.app/flutter_assets/assets/bb_8.png ... 
2019-02-12 05:11:15 +0000  39847 bytes for ./Payload/Runner.app/flutter_assets/assets/bb_8.png
2019-02-12 05:11:15 +0000  copying file ./Payload/Runner.app/flutter_assets/assets/Jedi.png ... 
7184 bytes for ./Payload/Runner.app/flutter_assets/assets/Jedi.png
copying file ./Payload/Runner.app/flutter_assets/assets/alucard.jpg ... 
2019-02-12 05:11:15 +0000  18625 bytes for ./Payload/Runner.app/flutter_assets/assets/alucard.jpg
2019-02-12 05:11:15 +0000  copying file ./Payload/Runner.app/Assets.car ... 
2019-02-12 05:11:15 +0000  458552 bytes for ./Payload/Runner.app/Assets.car
2019-02-12 05:11:15 +0000  copying file ./Payload/Runner.app/AppFrameworkInfo.plist ... 
376 bytes for ./Payload/Runner.app/AppFrameworkInfo.plist
copying file ./Payload/Runner.app/AppIcon40x40@2x~ipad.png ... 
4047 bytes for ./Payload/Runner.app/AppIcon40x40@2x~ipad.png
copying file ./Payload/Runner.app/AppIcon76x76@2x~ipad.png ... 
2019-02-12 05:11:15 +0000  9734 bytes for ./Payload/Runner.app/AppIcon76x76@2x~ipad.png
copying file ./Payload/Runner.app/AppIcon83.5x83.5@2x~ipad.png ... 
2019-02-12 05:11:15 +0000  11461 bytes for ./Payload/Runner.app/AppIcon83.5x83.5@2x~ipad.png
2019-02-12 05:11:15 +0000  copying file ./Payload/Runner.app/AppIcon29x29@2x~ipad.png ... 
2019-02-12 05:11:15 +0000  2548 bytes for ./Payload/Runner.app/AppIcon29x29@2x~ipad.png
copying file ./Payload/Runner.app/AppIcon40x40~ipad.png ... 
2019-02-12 05:11:15 +0000  1616 bytes for ./Payload/Runner.app/AppIcon40x40~ipad.png
2019-02-12 05:11:15 +0000  copying file ./Payload/Runner.app/Frameworks/Flutter.framework/_CodeSignature/CodeResources ... 
2019-02-12 05:11:15 +0000  2084 bytes for ./Payload/Runner.app/Frameworks/Flutter.framework/_CodeSignature/CodeResources
2019-02-12 05:11:15 +0000  copying file ./Payload/Runner.app/Frameworks/Flutter.framework/icudtl.dat ... 
2019-02-12 05:11:15 +0000  883280 bytes for ./Payload/Runner.app/Frameworks/Flutter.framework/icudtl.dat
2019-02-12 05:11:15 +0000  copying file ./Payload/Runner.app/Frameworks/Flutter.framework/Flutter ... 
2019-02-12 05:11:16 +0000  12998368 bytes for ./Payload/Runner.app/Frameworks/Flutter.framework/Flutter
2019-02-12 05:11:16 +0000  copying file ./Payload/Runner.app/Frameworks/Flutter.framework/Info.plist ... 
777 bytes for ./Payload/Runner.app/Frameworks/Flutter.framework/Info.plist
copying file ./Payload/Runner.app/Frameworks/App.framework/_CodeSignature/CodeResources ... 
1798 bytes for ./Payload/Runner.app/Frameworks/App.framework/_CodeSignature/CodeResources
copying file ./Payload/Runner.app/Frameworks/App.framework/App ... 
2019-02-12 05:11:17 +0000  18955808 bytes for ./Payload/Runner.app/Frameworks/App.framework/App
2019-02-12 05:11:17 +0000  copying file ./Payload/Runner.app/Frameworks/App.framework/Info.plist ... 
773 bytes for ./Payload/Runner.app/Frameworks/App.framework/Info.plist
copying file ./Payload/Runner.app/AppIcon20x20~ipad.png ... 
726 bytes for ./Payload/Runner.app/AppIcon20x20~ipad.png
copying file ./Payload/Runner.app/embedded.mobileprovision ... 
7659 bytes for ./Payload/Runner.app/embedded.mobileprovision
copying file ./Payload/Runner.app/AppIcon20x20@2x~ipad.png ... 
2019-02-12 05:11:17 +0000  1616 bytes for ./Payload/Runner.app/AppIcon20x20@2x~ipad.png
copying file ./Payload/Runner.app/Info.plist ... 
2019-02-12 05:11:17 +0000  1590 bytes for ./Payload/Runner.app/Info.plist
copying file ./Payload/Runner.app/PkgInfo ... 
2019-02-12 05:11:17 +0000  8 bytes for ./Payload/Runner.app/PkgInfo
copying file ./Payload/Runner.app/AppIcon76x76~ipad.png ... 
2019-02-12 05:11:17 +0000  3754 bytes for ./Payload/Runner.app/AppIcon76x76~ipad.png
2019-02-12 05:11:17 +0000  /usr/bin/ditto exited with 0
2019-02-12 05:11:17 +0000  Processing step: IDEDistributionAppStoreInformationStep
2019-02-12 05:11:17 +0000  Skipping step: IDEDistributionAppStoreInformationStep because it said so
2019-02-12 05:11:17 +0000  Processing step: IDEDistributionCreateManifestStep
